INFO:root:Starting workGDB... 2021-05-31 11:48:38
INFO:root:Downloading data... 2021-05-31 11:48:39
INFO:root:Creating feature classes... 2021-05-31 11:48:42
INFO:root:Deploying... 2021-05-31 11:48:46
INFO:root:Done! 2021-05-31 11:48:46
INFO:root:Starting workGDB... 2021-05-31 12:49:33
INFO:root:Downloading data... 2021-05-31 12:49:35
INFO:root:Creating feature classes... 2021-05-31 12:49:38
INFO:root:Deploying... 2021-05-31 12:49:42
INFO:root:Starting workGDB... 2021-05-31 12:55:35
INFO:root:Downloading data... 2021-05-31 12:55:36
INFO:root:Creating feature classes... 2021-05-31 12:55:39
INFO:root:Deploying... 2021-05-31 12:55:43
INFO:root:Starting workGDB... 2021-05-31 13:00:46
INFO:root:Downloading data... 2021-05-31 13:00:48
INFO:root:Creating feature classes... 2021-05-31 13:00:50
INFO:root:Deploying... 2021-05-31 13:00:54
INFO:root:Done! 2021-05-31 13:01:22
INFO:root:Starting workGDB... 2021-05-31 13:07:17
INFO:root:Downloading data... 2021-05-31 13:07:19
INFO:root:Creating feature classes... 2021-05-31 13:07:22
INFO:root:Starting workGDB... 2021-05-31 13:08:29
INFO:root:Downloading data... 2021-05-31 13:08:30
INFO:root:Creating feature classes... 2021-05-31 13:08:33
INFO:root:Deploying... 2021-05-31 13:08:37
INFO:root:Done! 2021-05-31 13:09:02
